#
# There is insufficient memory for the Java Runtime Environment to continue.
# Native memory allocation (malloc) failed to allocate 70496 bytes for Chunk::new
# Possible reasons:
#   The system is out of physical RAM or swap space
#   The process is running with CompressedOops enabled, and the Java Heap may be blocking the growth of the native heap
# Possible solutions:
#   Reduce memory load on the system
#   Increase physical memory or swap space
#   Check if swap backing store is full
#   Decrease Java heap size (-Xmx/-Xms)
#   Decrease number of Java threads
#   Decrease Java thread stack sizes (-Xss)
#   Set larger code cache with -XX:ReservedCodeCacheSize=
#   JVM is running with Unscaled Compressed Oops mode in which the Java heap is
#     placed in the first 4GB address space. The Java Heap base address is the
#     maximum limit for the native heap growth. Please use -XX:HeapBaseMinAddress
#     to set the Java Heap base and to place the Java Heap above 4GB virtual address.
# This output file may be truncated or incomplete.
#
#  Out of Memory Error (allocation.cpp:389), pid=944, tid=0x0000000000001354
#
# JRE version: Java(TM) SE Runtime Environment (8.0_221-b11) (build 1.8.0_221-b11)
# Java VM: Java HotSpot(TM) 64-Bit Server VM (25.221-b11 mixed mode windows-amd64 compressed oops)
# Failed to write core dump. Minidumps are not enabled by default on client versions of Windows
#

---------------  T H R E A D  ---------------

Current thread (0x0000000012998000):  JavaThread "C2 CompilerThread0" daemon [_thread_in_native, id=4948, stack(0x0000000014260000,0x0000000014360000)]

Stack: [0x0000000014260000,0x0000000014360000]
[error occurred during error reporting (printing stack bounds), id 0xc0000005]

Native frames: (J=compiled Java code, j=interpreted, Vv=VM code, C=native code)


Current CompileTask:
C2:  16552 1021       4       org.gradle.internal.logging.text.AbstractLineChoppingStyledTextOutput$1::execute (9 bytes)


---------------  P R O C E S S  ---------------

Java Threads: ( => current thread )
  0x0000000014862000 JavaThread "DisconnectableInputStream source reader" daemon [_thread_in_native, id=5336, stack(0x0000000016c10000,0x0000000016d10000)]
  0x0000000014598800 JavaThread "Service Thread" daemon [_thread_blocked, id=5612, stack(0x0000000014960000,0x0000000014a60000)]
  0x00000000129a3000 JavaThread "C1 CompilerThread2" daemon [_thread_blocked, id=5960, stack(0x0000000014460000,0x0000000014560000)]
  0x000000001299b000 JavaThread "C2 CompilerThread1" daemon [_thread_blocked, id=6272, stack(0x0000000014360000,0x0000000014460000)]
=>0x0000000012998000 JavaThread "C2 CompilerThread0" daemon [_thread_in_native, id=4948, stack(0x0000000014260000,0x0000000014360000)]
  0x0000000012992000 JavaThread "Attach Listener" daemon [_thread_blocked, id=3872, stack(0x0000000014160000,0x0000000014260000)]
  0x000000001299f800 JavaThread "Signal Dispatcher" daemon [_thread_blocked, id=5288, stack(0x0000000014060000,0x0000000014160000)]
  0x000000000253d800 JavaThread "Finalizer" daemon [_thread_blocked, id=2256, stack(0x0000000013be0000,0x0000000013ce0000)]
  0x000000001297a000 JavaThread "Reference Handler" daemon [_thread_blocked, id=5440, stack(0x0000000013ae0000,0x0000000013be0000)]
  0x0000000002443800 JavaThread "main" [_thread_in_native, id=6152, stack(0x0000000000c00000,0x0000000000d00000)]

Other Threads:
  0x0000000012958800 VMThread [stack: 0x00000000139e0000,0x0000000013ae0000] [id=6148]
  0x00000000129d2000 WatcherThread [stack: 0x0000000014a60000,0x0000000014b60000] [id=5620]

VM state:not at safepoint (normal execution)

VM Mutex/Monitor currently owned by a thread: None

heap address: 0x00000000fc000000, size: 64 MB, Compressed Oops mode: 32-bit
Narrow klass base: 0x0000000000000000, Narrow klass shift: 3
Compressed class space size: 1073741824 Address: 0x0000000100000000

Heap:
 PSYoungGen      total 18944K, used 15714K [0x00000000feb00000, 0x0000000100000000, 0x0000000100000000)
  eden space 16384K, 80% used [0x00000000feb00000,0x00000000ff7e09f8,0x00000000ffb00000)
  from space 2560K, 98% used [0x00000000ffd80000,0x00000000ffff8040,0x0000000100000000)
  to   space 2560K, 0% used [0x00000000ffb00000,0x00000000ffb00000,0x00000000ffd80000)
 ParOldGen       total 44032K, used 1354K [0x00000000fc000000, 0x00000000feb00000, 0x00000000feb00000)
  object space 44032K, 3% used [0x00000000fc000000,0x00000000fc152a18,0x00000000feb00000)
 Metaspace       used 11834K, capacity 12122K, committed 12416K, reserved 1060864K
  class space    used 1554K, capacity 1657K, committed 1664K, reserved 1048576K

Card table byte_map: [0x0000000000ad0000,0x0000000000b00000] byte_map_base: 0x00000000002f0000

Marking Bits: (ParMarkBitMap*) 0x0000000065235ce0
 Begin Bits: [0x0000000011df0000, 0x0000000011ef0000)
 End Bits:   [0x0000000011ef0000, 0x0000000011ff0000)

Polling page: 0x0000000000a90000

CodeCache: size=245760Kb used=3661Kb max_used=3661Kb free=242098Kb
 bounds [0x0000000002630000, 0x00000000029d0000, 0x0000000011630000]
 total_blobs=1415 nmethods=1035 adapters=292
 compilation: enabled

Compilation events (10 events):
Event: 16.525 Thread 0x00000000129a3000 nmethod 1014 0x00000000029bf310 code [0x00000000029bf460, 0x00000000029bf5b0]
Event: 16.525 Thread 0x00000000129a3000 1015       3       java.nio.ByteBuffer::array (35 bytes)
Event: 16.526 Thread 0x000000001299b000 nmethod 1020 0x00000000029bdc10 code [0x00000000029bdd40, 0x00000000029bddb8]
Event: 16.526 Thread 0x00000000129a3000 nmethod 1015 0x00000000029bd610 code [0x00000000029bd7a0, 0x00000000029bdab8]
Event: 16.526 Thread 0x00000000129a3000 1016       3       java.nio.Buffer::hasRemaining (17 bytes)
Event: 16.526 Thread 0x0000000012998000 1021       4       org.gradle.internal.logging.text.AbstractLineChoppingStyledTextOutput$1::execute (9 bytes)
Event: 16.526 Thread 0x00000000129a3000 nmethod 1016 0x00000000029bd290 code [0x00000000029bd3e0, 0x00000000029bd590]
Event: 16.526 Thread 0x000000001299b000 1022       4       org.gradle.internal.logging.text.AbstractLineChoppingStyledTextOutput$1::execute (130 bytes)
Event: 16.526 Thread 0x00000000129a3000 1017       3       java.nio.charset.CoderResult::isOverflow (14 bytes)
Event: 16.526 Thread 0x00000000129a3000 nmethod 1017 0x00000000029bcf10 code [0x00000000029bd060, 0x00000000029bd210]

GC Heap History (4 events):
Event: 0.967 GC heap before
{Heap before GC invocations=1 (full 0):
 PSYoungGen      total 18944K, used 16384K [0x00000000feb00000, 0x0000000100000000, 0x0000000100000000)
  eden space 16384K, 100% used [0x00000000feb00000,0x00000000ffb00000,0x00000000ffb00000)
  from space 2560K, 0% used [0x00000000ffd80000,0x00000000ffd80000,0x0000000100000000)
  to   space 2560K, 0% used [0x00000000ffb00000,0x00000000ffb00000,0x00000000ffd80000)
 ParOldGen       total 44032K, used 0K [0x00000000fc000000, 0x00000000feb00000, 0x00000000feb00000)
  object space 44032K, 0% used [0x00000000fc000000,0x00000000fc000000,0x00000000feb00000)
 Metaspace       used 5855K, capacity 6112K, committed 6272K, reserved 1056768K
  class space    used 735K, capacity 800K, committed 896K, reserved 1048576K
Event: 0.975 GC heap after
Heap after GC invocations=1 (full 0):
 PSYoungGen      total 18944K, used 2546K [0x00000000feb00000, 0x0000000100000000, 0x0000000100000000)
  eden space 16384K, 0% used [0x00000000feb00000,0x00000000feb00000,0x00000000ffb00000)
  from space 2560K, 99% used [0x00000000ffb00000,0x00000000ffd7c8c8,0x00000000ffd80000)
  to   space 2560K, 0% used [0x00000000ffd80000,0x00000000ffd80000,0x0000000100000000)
 ParOldGen       total 44032K, used 120K [0x00000000fc000000, 0x00000000feb00000, 0x00000000feb00000)
  object space 44032K, 0% used [0x00000000fc000000,0x00000000fc01e020,0x00000000feb00000)
 Metaspace       used 5855K, capacity 6112K, committed 6272K, reserved 1056768K
  class space    used 735K, capacity 800K, committed 896K, reserved 1048576K
}
Event: 1.561 GC heap before
{Heap before GC invocations=2 (full 0):
 PSYoungGen      total 18944K, used 18930K [0x00000000feb00000, 0x0000000100000000, 0x0000000100000000)
  eden space 16384K, 100% used [0x00000000feb00000,0x00000000ffb00000,0x00000000ffb00000)
  from space 2560K, 99% used [0x00000000ffb00000,0x00000000ffd7c8c8,0x00000000ffd80000)
  to   space 2560K, 0% used [0x00000000ffd80000,0x00000000ffd80000,0x0000000100000000)
 ParOldGen       total 44032K, used 120K [0x00000000fc000000, 0x00000000feb00000, 0x00000000feb00000)
  object space 44032K, 0% used [0x00000000fc000000,0x00000000fc01e020,0x00000000feb00000)
 Metaspace       used 9053K, capacity 9310K, committed 9600K, reserved 1056768K
  class space    used 1214K, capacity 1293K, committed 1408K, reserved 1048576K
Event: 1.571 GC heap after
Heap after GC invocations=2 (full 0):
 PSYoungGen      total 18944K, used 2528K [0x00000000feb00000, 0x0000000100000000, 0x0000000100000000)
  eden space 16384K, 0% used [0x00000000feb00000,0x00000000feb00000,0x00000000ffb00000)
  from space 2560K, 98% used [0x00000000ffd80000,0x00000000ffff8040,0x0000000100000000)
  to   space 2560K, 0% used [0x00000000ffb00000,0x00000000ffb00000,0x00000000ffd80000)
 ParOldGen       total 44032K, used 1354K [0x00000000fc000000, 0x00000000feb00000, 0x00000000feb00000)
  object space 44032K, 3% used [0x00000000fc000000,0x00000000fc152a18,0x00000000feb00000)
 Metaspace       used 9053K, capacity 9310K, committed 9600K, reserved 1056768K
  class space    used 1214K, capacity 1293K, committed 1408K, reserved 1048576K
}

Deoptimization events (4 events):
Event: 0.602 Thread 0x0000000002443800 Uncommon trap: reason=unstable_if action=reinterpret pc=0x00000000027c7178 method=java.lang.String.startsWith(Ljava/lang/String;I)Z @ 25
Event: 1.399 Thread 0x0000000002443800 Uncommon trap: reason=unstable_if action=reinterpret pc=0x00000000028c64e8 method=java.util.HashMap.hash(Ljava/lang/Object;)I @ 1
Event: 1.576 Thread 0x0000000002443800 Uncommon trap: reason=unstable_if action=reinterpret pc=0x00000000028d82bc method=java.util.HashMap.getNode(ILjava/lang/Object;)Ljava/util/HashMap$Node; @ 129
Event: 1.576 Thread 0x0000000002443800 Uncommon trap: reason=class_check action=maybe_recompile pc=0x00000000028d02e4 method=java.util.HashMap.putVal(ILjava/lang/Object;Ljava/lang/Object;ZZ)Ljava/lang/Object; @ 203

Classes redefined (0 events):
No events

Internal exceptions (10 events):
Event: 1.411 Thread 0x0000000002443800 Exception <a 'java/lang/ArrayIndexOutOfBoundsException'> (0x00000000ff521c88) thrown at [C:\re\workspace\8-2-build-windows-amd64-cygwin\jdk8u221\13320\hotspot\src\share\vm\runtime\sharedRuntime.cpp, line 605]
Event: 1.419 Thread 0x0000000002443800 Exception <a 'java/lang/ArrayIndexOutOfBoundsException'> (0x00000000ff60a858) thrown at [C:\re\workspace\8-2-build-windows-amd64-cygwin\jdk8u221\13320\hotspot\src\share\vm\runtime\sharedRuntime.cpp, line 605]
Event: 1.421 Thread 0x0000000002443800 Exception <a 'java/lang/ArrayIndexOutOfBoundsException'> (0x00000000ff60bc20) thrown at [C:\re\workspace\8-2-build-windows-amd64-cygwin\jdk8u221\13320\hotspot\src\share\vm\runtime\sharedRuntime.cpp, line 605]
Event: 1.421 Thread 0x0000000002443800 Exception <a 'java/lang/ArrayIndexOutOfBoundsException'> (0x00000000ff60ccf0) thrown at [C:\re\workspace\8-2-build-windows-amd64-cygwin\jdk8u221\13320\hotspot\src\share\vm\runtime\sharedRuntime.cpp, line 605]
Event: 1.421 Thread 0x0000000002443800 Exception <a 'java/lang/ArrayIndexOutOfBoundsException'> (0x00000000ff60e260) thrown at [C:\re\workspace\8-2-build-windows-amd64-cygwin\jdk8u221\13320\hotspot\src\share\vm\runtime\sharedRuntime.cpp, line 605]
Event: 1.422 Thread 0x0000000002443800 Exception <a 'java/lang/ArrayIndexOutOfBoundsException'> (0x00000000ff611ae0) thrown at [C:\re\workspace\8-2-build-windows-amd64-cygwin\jdk8u221\13320\hotspot\src\share\vm\runtime\sharedRuntime.cpp, line 605]
Event: 1.492 Thread 0x0000000002443800 Exception <a 'java/lang/NoSuchFieldError': method resolution failed> (0x00000000ff88e060) thrown at [C:\re\workspace\8-2-build-windows-amd64-cygwin\jdk8u221\13320\hotspot\src\share\vm\prims\methodHandles.cpp, line 1167]
Event: 1.494 Thread 0x0000000002443800 Exception <a 'java/lang/NoSuchFieldError': method resolution failed> (0x00000000ff89bb20) thrown at [C:\re\workspace\8-2-build-windows-amd64-cygwin\jdk8u221\13320\hotspot\src\share\vm\prims\methodHandles.cpp, line 1167]
Event: 16.505 Thread 0x0000000002443800 Exception <a 'java/io/IOException'> (0x00000000ff62c4a8) thrown at [C:\re\workspace\8-2-build-windows-amd64-cygwin\jdk8u221\13320\hotspot\src\share\vm\prims\jni.cpp, line 710]
Event: 16.517 Thread 0x0000000014862800 Exception <a 'java/io/IOException'> (0x00000000ff655c80) thrown at [C:\re\workspace\8-2-build-windows-amd64-cygwin\jdk8u221\13320\hotspot\src\share\vm\prims\jni.cpp, line 710]

Events (10 events):
Event: 16.517 Executing VM operation: RevokeBias done
Event: 16.517 Executing VM operation: RevokeBias
Event: 16.517 Executing VM operation: RevokeBias done
Event: 16.518 Executing VM operation: RevokeBias
Event: 16.518 Executing VM operation: RevokeBias done
Event: 16.519 loading class org/gradle/internal/remote/internal/inet/SocketConnection$1
Event: 16.519 loading class org/gradle/internal/remote/internal/inet/SocketConnection$1 done
Event: 16.519 Thread 0x0000000014862800 Thread exited: 0x0000000014862800
Event: 16.520 loading class java/util/concurrent/ConcurrentLinkedQueue$Itr
Event: 16.520 loading class java/util/concurrent/ConcurrentLinkedQueue$Itr done


Dynamic libraries:
0x00007ff77a1c0000 - 0x00007ff77a1f7000 	C:\Program Files\Java\jdk1.8.0_221\bin\java.exe
0x00007ff9ca320000 - 0x00007ff9ca4cc000 	C:\Windows\SYSTEM32\ntdll.dll
0x00007ff9c8030000 - 0x00007ff9c816e000 	C:\Windows\system32\KERNEL32.DLL
0x00007ff9c7880000 - 0x00007ff9c7995000 	C:\Windows\system32\KERNELBASE.dll
0x00007ff9c6010000 - 0x00007ff9c609e000 	C:\Windows\system32\apphelp.dll
0x00007ff9a8550000 - 0x00007ff9a85a3000 	C:\Windows\AppPatch\AppPatch64\AcGenral.DLL
0x00007ff9c8440000 - 0x00007ff9c84ea000 	C:\Windows\system32\msvcrt.dll
0x00007ff9c7310000 - 0x00007ff9c733e000 	C:\Windows\SYSTEM32\SspiCli.dll
0x00007ff9c79b0000 - 0x00007ff9c7a04000 	C:\Windows\system32\SHLWAPI.dll
0x00007ff9ca1a0000 - 0x00007ff9ca317000 	C:\Windows\system32\USER32.dll
0x00007ff9c9dc0000 - 0x00007ff9c9f54000 	C:\Windows\system32\ole32.dll
0x00007ff9c88a0000 - 0x00007ff9c9db9000 	C:\Windows\system32\SHELL32.dll
0x00007ff9c6aa0000 - 0x00007ff9c6ac1000 	C:\Windows\SYSTEM32\USERENV.dll
0x00007ff9c7a10000 - 0x00007ff9c7aba000 	C:\Windows\system32\ADVAPI32.dll
0x00007ff9bad60000 - 0x00007ff9bad7e000 	C:\Windows\SYSTEM32\MPR.dll
0x00007ff9c7d10000 - 0x00007ff9c7e51000 	C:\Windows\system32\RPCRT4.dll
0x00007ff9c7ac0000 - 0x00007ff9c7b19000 	C:\Windows\SYSTEM32\sechost.dll
0x00007ff9c8680000 - 0x00007ff9c8891000 	C:\Windows\SYSTEM32\combase.dll
0x00007ff9c7e60000 - 0x00007ff9c7fb1000 	C:\Windows\system32\GDI32.dll
0x00007ff9c7470000 - 0x00007ff9c7485000 	C:\Windows\SYSTEM32\profapi.dll
0x00007ff9c59c0000 - 0x00007ff9c5a72000 	C:\Windows\SYSTEM32\SHCORE.dll
0x00007ff9c8250000 - 0x00007ff9c8286000 	C:\Windows\system32\IMM32.DLL
0x00007ff9c8520000 - 0x00007ff9c8673000 	C:\Windows\system32\MSCTF.dll
0x00007ff9c5540000 - 0x00007ff9c57bb000 	C:\Windows\WinSxS\amd64_microsoft.windows.common-controls_6595b64144ccf1df_6.0.9600.17415_none_6240486fecbd8abb\COMCTL32.dll
0x0000000066070000 - 0x0000000066142000 	C:\Program Files\Java\jdk1.8.0_221\jre\bin\msvcr100.dll
0x0000000064a10000 - 0x00000000652b5000 	C:\Program Files\Java\jdk1.8.0_221\jre\bin\server\jvm.dll
0x00007ff9a6e90000 - 0x00007ff9a6e99000 	C:\Windows\SYSTEM32\WSOCK32.dll
0x00007ff9c4f30000 - 0x00007ff9c4f52000 	C:\Windows\SYSTEM32\WINMM.dll
0x00007ff9c4f60000 - 0x00007ff9c4f6a000 	C:\Windows\SYSTEM32\VERSION.dll
0x00007ff9c79a0000 - 0x00007ff9c79a7000 	C:\Windows\system32\PSAPI.DLL
0x00007ff9c7b20000 - 0x00007ff9c7b7a000 	C:\Windows\system32\WS2_32.dll
0x00007ff9c4e80000 - 0x00007ff9c4eaa000 	C:\Windows\SYSTEM32\WINMMBASE.dll
0x00007ff9c84f0000 - 0x00007ff9c84f9000 	C:\Windows\system32\NSI.dll
0x00007ff9c7830000 - 0x00007ff9c787f000 	C:\Windows\SYSTEM32\cfgmgr32.dll
0x00007ff9c6290000 - 0x00007ff9c62b8000 	C:\Windows\SYSTEM32\DEVOBJ.dll
0x00007ff9aa010000 - 0x00007ff9aa01f000 	C:\Program Files\Java\jdk1.8.0_221\jre\bin\verify.dll
0x00007ff9a84e0000 - 0x00007ff9a8509000 	C:\Program Files\Java\jdk1.8.0_221\jre\bin\java.dll
0x00007ff9a9150000 - 0x00007ff9a9166000 	C:\Program Files\Java\jdk1.8.0_221\jre\bin\zip.dll
0x00007ff9a9090000 - 0x00007ff9a90aa000 	C:\Program Files\Java\jdk1.8.0_221\jre\bin\net.dll
0x00007ff9c04d0000 - 0x00007ff9c0656000 	C:\Windows\SYSTEM32\urlmon.dll
0x00007ff9c01f0000 - 0x00007ff9c04b7000 	C:\Windows\SYSTEM32\iertutil.dll
0x00007ff9bffa0000 - 0x00007ff9c01eb000 	C:\Windows\SYSTEM32\WININET.dll
0x00007ff9c6e50000 - 0x00007ff9c6ea9000 	C:\Windows\system32\mswsock.dll
0x00007ff9a85f0000 - 0x00007ff9a8602000 	C:\Program Files\Java\jdk1.8.0_221\jre\bin\nio.dll
0x00007ff9a83b0000 - 0x00007ff9a83d6000 	C:\Users\Riky Abdulrachman\.gradle\native\29\windows-amd64\native-platform.dll
0x00007ff9c6eb0000 - 0x00007ff9c6ed0000 	C:\Windows\SYSTEM32\CRYPTSP.dll
0x00007ff9c6960000 - 0x00007ff9c6996000 	C:\Windows\system32\rsaenh.dll
0x00007ff9c6fc0000 - 0x00007ff9c6fe6000 	C:\Windows\SYSTEM32\bcrypt.dll
0x00007ff9c7340000 - 0x00007ff9c73a3000 	C:\Windows\system32\bcryptprimitives.dll
0x00007ff9c73b0000 - 0x00007ff9c73bb000 	C:\Windows\SYSTEM32\CRYPTBASE.dll
0x00007ff9c1200000 - 0x00007ff9c122a000 	C:\Windows\SYSTEM32\IPHLPAPI.DLL
0x00007ff9c11e0000 - 0x00007ff9c11ea000 	C:\Windows\SYSTEM32\WINNSI.DLL
0x00007ff9c0e60000 - 0x00007ff9c0e76000 	C:\Windows\SYSTEM32\dhcpcsvc6.DLL
0x00007ff9c0ef0000 - 0x00007ff9c0f0a000 	C:\Windows\SYSTEM32\dhcpcsvc.DLL
0x00007ff9c1520000 - 0x00007ff9c152a000 	C:\Users\Riky Abdulrachman\.gradle\native\jansi\1.17.1\windows64\jansi-1.17.1-2372231699432276034.dll
0x00007ff9c1310000 - 0x00007ff9c131a000 	C:\Users\Riky Abdulrachman\.gradle\native\jansi\1.17.1\windows64\jansi-1.17.1-2217733400190366482.dll
0x00007ff9a9120000 - 0x00007ff9a912d000 	C:\Program Files\Java\jdk1.8.0_221\jre\bin\management.dll

VM Arguments:
jvm_args: -Xmx64m -Xms64m -Dorg.gradle.appname=gradlew 
java_command: org.gradle.wrapper.GradleWrapperMain app:installDebug -PreactNativeDevServerPort=8081
java_class_path (initial): c:\komiky\android\\gradle\wrapper\gradle-wrapper.jar
Launcher Type: SUN_STANDARD

Environment Variables:
JAVA_HOME=C:\Program Files\Java\jdk1.8.0_221
CLASSPATH=c:\komiky\android\\gradle\wrapper\gradle-wrapper.jar
PATH=C:\Program Files\nodejs\node_modules\npm\node_modules\npm-lifecycle\node-gyp-bin;c:\komiky\node_modules\.bin;C:\Python27\;C:\Python27\Scripts;C:\Program Files (x86)\Common Files\Oracle\Java\javapath;C:\Program Files (x86)\NVIDIA Corporation\PhysX\Common;C:\Windows\system32;C:\Windows;C:\Windows\System32\Wbem;C:\Windows\System32\WindowsPowerShell\v1.0\;C:\Program Files\nodejs\;C:\Program Files (x86)\Yarn\bin\;C:\ProgramData\chocolatey\bin;C:\Program Files\Java\jdk1.8.0_221\bin;C:\Program Files\Git\cmd;;C:\Users\Riky Abdulrachman\AppData\Local\Programs\Microsoft VS Code\bin;C:\Users\Riky Abdulrachman\AppData\Roaming\npm;C:\Users\Riky Abdulrachman\AppData\Local\Yarn\bin
USERNAME=Riky Abdulrachman
OS=Windows_NT
PROCESSOR_IDENTIFIER=Intel64 Family 6 Model 69 Stepping 1, GenuineIntel



---------------  S Y S T E M  ---------------

OS: Windows 8.1 , 64 bit Build 9600 (6.3.9600.17415)

CPU:total 4 (initial active 4) (2 cores per cpu, 2 threads per core) family 6 model 69 stepping 1, cmov, cx8, fxsr, mmx, sse, sse2, sse3, ssse3, sse4.1, sse4.2, popcnt, avx, avx2, aes, clmul, erms, lzcnt, ht, tsc, tscinvbit, bmi1, bmi2

Memory: 4k page, physical 4119916k(805436k free), swap 7265644k(463516k free)

vm_info: Java HotSpot(TM) 64-Bit Server VM (25.221-b11) for windows-amd64 JRE (1.8.0_221-b11), built on Jul  4 2019 04:39:29 by "java_re" with MS VC++ 10.0 (VS2010)

time: Mon Oct 07 11:17:14 2019
timezone: SE Asia Standard Time
elapsed time: 16 seconds (0d 0h 0m 16s)

